# JRE version: Java(TM) SE Runtime Environment (11.0.2+9) (build 11.0.2+9-LTS)
# Java VM: Java HotSpot(TM) 64-Bit Server VM (11.0.2+9-LTS, mixed mode, tiered, compressed oops, g1 gc, windows-amd64)
Heap:
 garbage-first heap   total 98304K, used 26199K [0x00000000a1a00000, 0x0000000100000000)
  region size 1024K, 23 young (23552K), 4 survivors (4096K)
 Metaspace       used 25961K, capacity 26779K, committed 26880K, reserved 1073152K
  class space    used 2986K, capacity 3302K, committed 3328K, reserved 1048576K
GC Heap History (6 events):
Event: 1.038 GC heap before
{Heap before GC invocations=0 (full 0):
 garbage-first heap   total 98304K, used 14336K [0x00000000a1a00000, 0x0000000100000000)
  region size 1024K, 14 young (14336K), 0 survivors (0K)
 Metaspace       used 11094K, capacity 11468K, committed 11520K, reserved 1058816K
  class space    used 1122K, capacity 1253K, committed 1280K, reserved 1048576K
}
Event: 1.046 GC heap after
{Heap after GC invocations=1 (full 0):
 garbage-first heap   total 98304K, used 3312K [0x00000000a1a00000, 0x0000000100000000)
  region size 1024K, 2 young (2048K), 2 survivors (2048K)
 Metaspace       used 11094K, capacity 11468K, committed 11520K, reserved 1058816K
  class space    used 1122K, capacity 1253K, committed 1280K, reserved 1048576K
}
Event: 1.556 GC heap before
{Heap before GC invocations=1 (full 0):
 garbage-first heap   total 98304K, used 15600K [0x00000000a1a00000, 0x0000000100000000)
  region size 1024K, 14 young (14336K), 2 survivors (2048K)
 Metaspace       used 14546K, capacity 15062K, committed 15360K, reserved 1062912K
  class space    used 1516K, capacity 1729K, committed 1792K, reserved 1048576K
}
Event: 1.566 GC heap after
{Heap after GC invocations=2 (full 0):
 garbage-first heap   total 98304K, used 5559K [0x00000000a1a00000, 0x0000000100000000)
  region size 1024K, 2 young (2048K), 2 survivors (2048K)
 Metaspace       used 14546K, capacity 15062K, committed 15360K, reserved 1062912K
  class space    used 1516K, capacity 1729K, committed 1792K, reserved 1048576K
}
Event: 3.831 GC heap before
{Heap before GC invocations=2 (full 0):
 garbage-first heap   total 98304K, used 23991K [0x00000000a1a00000, 0x0000000100000000)
  region size 1024K, 21 young (21504K), 2 survivors (2048K)
 Metaspace       used 20657K, capacity 21158K, committed 21248K, reserved 1069056K
  class space    used 2279K, capacity 2484K, committed 2560K, reserved 1048576K
}
Event: 3.839 GC heap after
{Heap after GC invocations=3 (full 0):
 garbage-first heap   total 98304K, used 7767K [0x00000000a1a00000, 0x0000000100000000)
  region size 1024K, 4 young (4096K), 4 survivors (4096K)
 Metaspace       used 20657K, capacity 21158K, committed 21248K, reserved 1069056K
  class space    used 2279K, capacity 2484K, committed 2560K, reserved 1048576K
}

